<?xml version="1.0" encoding="UTF-8"?>
<!-- Generated by org.testng.reporters.JUnitXMLReporter -->
<testsuite hostname="FULL137-AIR.FULL.Creative" name="Default test" tests="3" failures="0" timestamp="3 Oct 2017 10:28:43 GMT" time="166.212" errors="0">
  <testcase name="verifyElement" time="3.075" classname="com.loginpagesetmore.ValidationLoginPage"/>
  <testcase name="verifyAndValidLoginPage" time="96.166" classname="com.loginpagesetmore.ValidationLoginPage"/>
  <testcase name="fbGoogleScenario" time="60.94" classname="com.loginpagesetmore.ValidationLoginPage"/>
</testsuite> <!-- Default test -->
