<?xml version="1.0" encoding="UTF-8"?>
<!-- Generated by org.testng.reporters.JUnitXMLReporter -->
<testsuite hostname="FULL137-AIR.FULL.Creative" name="Test" tests="4" failures="2" timestamp="1 Sep 2017 13:16:41 GMT" time="96.256" errors="0">
  <testcase name="verifyElement" time="3.269" classname="com.loginpagesetmore.ValidationLoginPage"/>
  <testcase name="verifyAndValidLoginPage" time="1.509" classname="com.loginpagesetmore.ValidationLoginPage">
    <failure type="java.lang.IndexOutOfBoundsException" message="Index: 22, Size: 22">
      <![CDATA[java.lang.IndexOutOfBoundsException: Index: 22, Size: 22
	at java.util.ArrayList.rangeCheck(ArrayList.java:635)
	at java.util.ArrayList.get(ArrayList.java:411)
	at com.loginpagesetmore.ValidationLoginPage.verifyAndValidLoginPage(ValidationLoginPage.java:71)
... Removed 24 stack frames]]>
    </failure>
  </testcase> <!-- verifyAndValidLoginPage -->
  <testcase name="fbGoogleScenario" time="82.259" classname="com.loginpagesetmore.ValidationLoginPage"/>
  <testcase name="signUp" time="0.007" classname="com.loginpagesetmore.TestClass">
    <failure type="java.lang.NullPointerException">
      <![CDATA[java.lang.NullPointerException
	at com.loginpagesetmore.TestClass.signUp(TestClass.java:21)
... Removed 24 stack frames]]>
    </failure>
  </testcase> <!-- signUp -->
</testsuite> <!-- Test -->
